Release 14.7 - ngc2edif P.20131013 (nt64)
Copyright (c) 1995-2013 Xilinx, Inc.  All rights reserved.
Reading design MIPS_PIPE.ngc ...
WARNING:NetListWriters:298 - No output is written to MIPS_PIPE.xncf, ignored.
Processing design ...
   Preping design's networks ...
   Preping design's macros ...
  finished :Prep
Writing EDIF netlist file MIPS_PIPE.edif ...
ngc2edif: Total memory usage is 83368 kilobytes

Release 14.7 - ngc2edif P.20131013 (nt64)
Copyright (c) 1995-2013 Xilinx, Inc.  All rights reserved.
Reading design data_mem.ngc ...
WARNING:NetListWriters:298 - No output is written to data_mem.xncf, ignored.
Processing design ...
   Preping design's networks ...
   Preping design's macros ...
  finished :Prep
Writing EDIF netlist file data_mem.edif ...
ngc2edif: Total memory usage is 81128 kilobytes

Release 14.7 - ngc2edif P.20131013 (nt64)
Copyright (c) 1995-2013 Xilinx, Inc.  All rights reserved.
Reading design instruction_memory.ngc ...
WARNING:NetListWriters:298 - No output is written to instruction_memory.xncf,
   ignored.
Processing design ...
   Preping design's networks ...
   Preping design's macros ...
  finished :Prep
Writing EDIF netlist file instruction_memory.edif ...
ngc2edif: Total memory usage is 81128 kilobytes

Release 14.7 - ngc2edif P.20131013 (nt64)
Copyright (c) 1995-2013 Xilinx, Inc.  All rights reserved.
Reading design MIPS_PIPE.ngc ...
WARNING:NetListWriters:298 - No output is written to MIPS_PIPE.xncf, ignored.
Processing design ...
   Preping design's networks ...
   Preping design's macros ...
WARNING:NetListWriters:306 - Signal bus pc_ALU<31 : 0> on block MIPS_PIPE is not
   reconstructed, because there are some missing bus signals.
  finished :Prep
Writing EDIF netlist file MIPS_PIPE.edif ...
ngc2edif: Total memory usage is 83176 kilobytes

Release 14.7 - ngc2edif P.20131013 (nt64)
Copyright (c) 1995-2013 Xilinx, Inc.  All rights reserved.
Reading design data_mem.ngc ...
WARNING:NetListWriters:298 - No output is written to data_mem.xncf, ignored.
Processing design ...
   Preping design's networks ...
   Preping design's macros ...
  finished :Prep
Writing EDIF netlist file data_mem.edif ...
ngc2edif: Total memory usage is 81128 kilobytes

Release 14.7 - ngc2edif P.20131013 (nt64)
Copyright (c) 1995-2013 Xilinx, Inc.  All rights reserved.
Reading design instruction_memory.ngc ...
WARNING:NetListWriters:298 - No output is written to instruction_memory.xncf,
   ignored.
Processing design ...
   Preping design's networks ...
   Preping design's macros ...
  finished :Prep
Writing EDIF netlist file instruction_memory.edif ...
ngc2edif: Total memory usage is 81128 kilobytes

